# JRE version: OpenJDK Runtime Environment Temurin-21.0.1+12 (21.0.1+12) (build 21.0.1+12-LTS)
# Java VM: OpenJDK 64-Bit Server VM Temurin-21.0.1+12 (21.0.1+12-LTS, mixed mode, emulated-client, sharing, tiered, compressed oops, compressed class ptrs, g1 gc, windows-amd64)
GC Precious Log:
 CardTable entry size: 512
 Card Set container configuration: InlinePtr #cards 5 size 8 Array Of Cards #cards 12 size 40 Howl #buckets 4 coarsen threshold 1843 Howl Bitmap #cards 512 size 80 coarsen threshold 460 Card regions per heap region 1 cards per card region 2048
 CPUs: 4 total, 4 available
 Memory: 8024M
 Large Page Support: Disabled
 NUMA Support: Disabled
 Compressed Oops: Enabled (32-bit)
 Heap Region Size: 1M
 Heap Min Capacity: 8M
 Heap Initial Capacity: 126M
 Heap Max Capacity: 2008M
 Pre-touch: Disabled
 Parallel Workers: 4
 Concurrent Workers: 1
 Concurrent Refinement Workers: 4
 Periodic GC: Disabled
Heap:
 garbage-first heap   total 137216K, used 112678K [0x0000000082800000, 0x0000000100000000)
  region size 1024K, 72 young (73728K), 7 survivors (7168K)
 Metaspace       used 87296K, committed 88576K, reserved 1179648K
  class space    used 12060K, committed 12672K, reserved 1048576K
GC Heap History (20 events):
Event: 20.012 GC heap before
{Heap before GC invocations=25 (full 0):
 garbage-first heap   total 88064K, used 78021K [0x0000000082800000, 0x0000000100000000)
  region size 1024K, 45 young (46080K), 4 survivors (4096K)
 Metaspace       used 73204K, committed 73920K, reserved 1114112K
  class space    used 10072K, committed 10368K, reserved 1048576K
}
Event: 20.043 GC heap after
{Heap after GC invocations=26 (full 0):
 garbage-first heap   total 95232K, used 47384K [0x0000000082800000, 0x0000000100000000)
  region size 1024K, 6 young (6144K), 6 survivors (6144K)
 Metaspace       used 73204K, committed 73920K, reserved 1114112K
  class space    used 10072K, committed 10368K, reserved 1048576K
}
Event: 20.382 GC heap before
{Heap before GC invocations=26 (full 0):
 garbage-first heap   total 95232K, used 81176K [0x0000000082800000, 0x0000000100000000)
  region size 1024K, 39 young (39936K), 6 survivors (6144K)
 Metaspace       used 73227K, committed 73984K, reserved 1114112K
  class space    used 10078K, committed 10368K, reserved 1048576K
}
Event: 20.401 GC heap after
{Heap after GC invocations=27 (full 0):
 garbage-first heap   total 131072K, used 52957K [0x0000000082800000, 0x0000000100000000)
  region size 1024K, 5 young (5120K), 5 survivors (5120K)
 Metaspace       used 73227K, committed 73984K, reserved 1114112K
  class space    used 10078K, committed 10368K, reserved 1048576K
}
Event: 21.556 GC heap before
{Heap before GC invocations=27 (full 0):
 garbage-first heap   total 131072K, used 108253K [0x0000000082800000, 0x0000000100000000)
  region size 1024K, 60 young (61440K), 5 survivors (5120K)
 Metaspace       used 74903K, committed 75840K, reserved 1114112K
  class space    used 10377K, committed 10816K, reserved 1048576K
}
Event: 21.581 GC heap after
{Heap after GC invocations=28 (full 0):
 garbage-first heap   total 131072K, used 62111K [0x0000000082800000, 0x0000000100000000)
  region size 1024K, 8 young (8192K), 8 survivors (8192K)
 Metaspace       used 74903K, committed 75840K, reserved 1114112K
  class space    used 10377K, committed 10816K, reserved 1048576K
}
Event: 40.677 GC heap before
{Heap before GC invocations=28 (full 0):
 garbage-first heap   total 131072K, used 109215K [0x0000000082800000, 0x0000000100000000)
  region size 1024K, 55 young (56320K), 8 survivors (8192K)
 Metaspace       used 78834K, committed 79744K, reserved 1179648K
  class space    used 10940K, committed 11328K, reserved 1048576K
}
Event: 40.701 GC heap after
{Heap after GC invocations=29 (full 0):
 garbage-first heap   total 131072K, used 65813K [0x0000000082800000, 0x0000000100000000)
  region size 1024K, 3 young (3072K), 3 survivors (3072K)
 Metaspace       used 78834K, committed 79744K, reserved 1179648K
  class space    used 10940K, committed 11328K, reserved 1048576K
}
Event: 41.633 GC heap before
{Heap before GC invocations=29 (full 0):
 garbage-first heap   total 131072K, used 99605K [0x0000000082800000, 0x0000000100000000)
  region size 1024K, 31 young (31744K), 3 survivors (3072K)
 Metaspace       used 80971K, committed 81984K, reserved 1179648K
  class space    used 11246K, committed 11712K, reserved 1048576K
}
Event: 41.648 GC heap after
{Heap after GC invocations=30 (full 0):
 garbage-first heap   total 131072K, used 74743K [0x0000000082800000, 0x0000000100000000)
  region size 1024K, 7 young (7168K), 7 survivors (7168K)
 Metaspace       used 80971K, committed 81984K, reserved 1179648K
  class space    used 11246K, committed 11712K, reserved 1048576K
}
Event: 42.605 GC heap before
{Heap before GC invocations=30 (full 0):
 garbage-first heap   total 131072K, used 117751K [0x0000000082800000, 0x0000000100000000)
  region size 1024K, 46 young (47104K), 7 survivors (7168K)
 Metaspace       used 83139K, committed 84288K, reserved 1179648K
  class space    used 11468K, committed 12032K, reserved 1048576K
}
Event: 42.624 GC heap after
{Heap after GC invocations=31 (full 0):
 garbage-first heap   total 131072K, used 72223K [0x0000000082800000, 0x0000000100000000)
  region size 1024K, 4 young (4096K), 4 survivors (4096K)
 Metaspace       used 83139K, committed 84288K, reserved 1179648K
  class space    used 11468K, committed 12032K, reserved 1048576K
}
Event: 48.947 GC heap before
{Heap before GC invocations=31 (full 0):
 garbage-first heap   total 131072K, used 114207K [0x0000000082800000, 0x0000000100000000)
  region size 1024K, 46 young (47104K), 4 survivors (4096K)
 Metaspace       used 86608K, committed 87872K, reserved 1179648K
  class space    used 11970K, committed 12544K, reserved 1048576K
}
Event: 48.963 GC heap after
{Heap after GC invocations=32 (full 0):
 garbage-first heap   total 161792K, used 74740K [0x0000000082800000, 0x0000000100000000)
  region size 1024K, 3 young (3072K), 3 survivors (3072K)
 Metaspace       used 86608K, committed 87872K, reserved 1179648K
  class space    used 11970K, committed 12544K, reserved 1048576K
}
Event: 81.178 GC heap before
{Heap before GC invocations=32 (full 0):
 garbage-first heap   total 161792K, used 79860K [0x0000000082800000, 0x0000000100000000)
  region size 1024K, 9 young (9216K), 3 survivors (3072K)
 Metaspace       used 86854K, committed 88128K, reserved 1179648K
  class space    used 12017K, committed 12608K, reserved 1048576K
}
Event: 81.341 GC heap after
{Heap after GC invocations=33 (full 1):
 garbage-first heap   total 137216K, used 40112K [0x0000000082800000, 0x0000000100000000)
  region size 1024K, 0 young (0K), 0 survivors (0K)
 Metaspace       used 86842K, committed 88128K, reserved 1179648K
  class space    used 12015K, committed 12608K, reserved 1048576K
}
Event: 84.968 GC heap before
{Heap before GC invocations=33 (full 1):
 garbage-first heap   total 137216K, used 110768K [0x0000000082800000, 0x0000000100000000)
  region size 1024K, 70 young (71680K), 0 survivors (0K)
 Metaspace       used 87186K, committed 88512K, reserved 1179648K
  class space    used 12048K, committed 12672K, reserved 1048576K
}
Event: 84.981 GC heap after
{Heap after GC invocations=34 (full 1):
 garbage-first heap   total 137216K, used 45370K [0x0000000082800000, 0x0000000100000000)
  region size 1024K, 6 young (6144K), 6 survivors (6144K)
 Metaspace       used 87186K, committed 88512K, reserved 1179648K
  class space    used 12048K, committed 12672K, reserved 1048576K
}
Event: 85.978 GC heap before
{Heap before GC invocations=34 (full 1):
 garbage-first heap   total 137216K, used 113978K [0x0000000082800000, 0x0000000100000000)
  region size 1024K, 73 young (74752K), 6 survivors (6144K)
 Metaspace       used 87260K, committed 88576K, reserved 1179648K
  class space    used 12057K, committed 12672K, reserved 1048576K
}
Event: 85.991 GC heap after
{Heap after GC invocations=35 (full 1):
 garbage-first heap   total 137216K, used 47142K [0x0000000082800000, 0x0000000100000000)
  region size 1024K, 7 young (7168K), 7 survivors (7168K)
 Metaspace       used 87260K, committed 88576K, reserved 1179648K
  class space    used 12057K, committed 12672K, reserved 1048576K
}

