# JRE version: OpenJDK Runtime Environment Temurin-21.0.1+12 (21.0.1+12) (build 21.0.1+12-LTS)
# Java VM: OpenJDK 64-Bit Server VM Temurin-21.0.1+12 (21.0.1+12-LTS, mixed mode, emulated-client, sharing, tiered, compressed oops, compressed class ptrs, g1 gc, windows-amd64)
GC Precious Log:
 CardTable entry size: 512
 Card Set container configuration: InlinePtr #cards 5 size 8 Array Of Cards #cards 12 size 40 Howl #buckets 4 coarsen threshold 1843 Howl Bitmap #cards 512 size 80 coarsen threshold 460 Card regions per heap region 1 cards per card region 2048
 CPUs: 4 total, 4 available
 Memory: 8024M
 Large Page Support: Disabled
 NUMA Support: Disabled
 Compressed Oops: Enabled (32-bit)
 Heap Region Size: 1M
 Heap Min Capacity: 8M
 Heap Initial Capacity: 126M
 Heap Max Capacity: 2008M
 Pre-touch: Disabled
 Parallel Workers: 4
 Concurrent Workers: 1
 Concurrent Refinement Workers: 4
 Periodic GC: Disabled
Heap:
 garbage-first heap   total 122880K, used 101576K [0x0000000082800000, 0x0000000100000000)
  region size 1024K, 56 young (57344K), 7 survivors (7168K)
 Metaspace       used 86758K, committed 88448K, reserved 1179648K
  class space    used 11890K, committed 12608K, reserved 1048576K
GC Heap History (20 events):
Event: 22.520 GC heap before
{Heap before GC invocations=27 (full 0):
 garbage-first heap   total 89088K, used 77840K [0x0000000082800000, 0x0000000100000000)
  region size 1024K, 46 young (47104K), 5 survivors (5120K)
 Metaspace       used 73190K, committed 73984K, reserved 1114112K
  class space    used 10057K, committed 10432K, reserved 1048576K
}
Event: 22.549 GC heap after
{Heap after GC invocations=28 (full 0):
 garbage-first heap   total 95232K, used 46835K [0x0000000082800000, 0x0000000100000000)
  region size 1024K, 6 young (6144K), 6 survivors (6144K)
 Metaspace       used 73190K, committed 73984K, reserved 1114112K
  class space    used 10057K, committed 10432K, reserved 1048576K
}
Event: 23.030 GC heap before
{Heap before GC invocations=28 (full 0):
 garbage-first heap   total 95232K, used 80627K [0x0000000082800000, 0x0000000100000000)
  region size 1024K, 39 young (39936K), 6 survivors (6144K)
 Metaspace       used 73211K, committed 73984K, reserved 1114112K
  class space    used 10063K, committed 10432K, reserved 1048576K
}
Event: 23.048 GC heap after
{Heap after GC invocations=29 (full 0):
 garbage-first heap   total 95232K, used 52192K [0x0000000082800000, 0x0000000100000000)
  region size 1024K, 5 young (5120K), 5 survivors (5120K)
 Metaspace       used 73211K, committed 73984K, reserved 1114112K
  class space    used 10063K, committed 10432K, reserved 1048576K
}
Event: 23.331 GC heap before
{Heap before GC invocations=29 (full 0):
 garbage-first heap   total 95232K, used 79840K [0x0000000082800000, 0x0000000100000000)
  region size 1024K, 33 young (33792K), 5 survivors (5120K)
 Metaspace       used 73239K, committed 73984K, reserved 1114112K
  class space    used 10071K, committed 10432K, reserved 1048576K
}
Event: 23.352 GC heap after
{Heap after GC invocations=30 (full 0):
 garbage-first heap   total 157696K, used 59904K [0x0000000082800000, 0x0000000100000000)
  region size 1024K, 5 young (5120K), 5 survivors (5120K)
 Metaspace       used 73239K, committed 73984K, reserved 1114112K
  class space    used 10071K, committed 10432K, reserved 1048576K
}
Event: 159.748 GC heap before
{Heap before GC invocations=31 (full 0):
 garbage-first heap   total 157696K, used 119296K [0x0000000082800000, 0x0000000100000000)
  region size 1024K, 70 young (71680K), 5 survivors (5120K)
 Metaspace       used 78010K, committed 78912K, reserved 1179648K
  class space    used 10801K, committed 11200K, reserved 1048576K
}
Event: 159.774 GC heap after
{Heap after GC invocations=32 (full 0):
 garbage-first heap   total 157696K, used 58441K [0x0000000082800000, 0x0000000100000000)
  region size 1024K, 4 young (4096K), 4 survivors (4096K)
 Metaspace       used 78010K, committed 78912K, reserved 1179648K
  class space    used 10801K, committed 11200K, reserved 1048576K
}
Event: 184.973 GC heap before
{Heap before GC invocations=32 (full 0):
 garbage-first heap   total 157696K, used 138313K [0x0000000082800000, 0x0000000100000000)
  region size 1024K, 73 young (74752K), 4 survivors (4096K)
 Metaspace       used 83016K, committed 84096K, reserved 1179648K
  class space    used 11423K, committed 11904K, reserved 1048576K
}
Event: 184.998 GC heap after
{Heap after GC invocations=33 (full 0):
 garbage-first heap   total 157696K, used 63944K [0x0000000082800000, 0x0000000100000000)
  region size 1024K, 10 young (10240K), 10 survivors (10240K)
 Metaspace       used 83016K, committed 84096K, reserved 1179648K
  class space    used 11423K, committed 11904K, reserved 1048576K
}
Event: 268.264 GC heap before
{Heap before GC invocations=33 (full 0):
 garbage-first heap   total 157696K, used 130504K [0x0000000082800000, 0x0000000100000000)
  region size 1024K, 76 young (77824K), 10 survivors (10240K)
 Metaspace       used 87023K, committed 88320K, reserved 1179648K
  class space    used 12018K, committed 12608K, reserved 1048576K
}
Event: 268.295 GC heap after
{Heap after GC invocations=34 (full 0):
 garbage-first heap   total 157696K, used 67584K [0x0000000082800000, 0x0000000100000000)
  region size 1024K, 5 young (5120K), 5 survivors (5120K)
 Metaspace       used 87023K, committed 88320K, reserved 1179648K
  class space    used 12018K, committed 12608K, reserved 1048576K
}
Event: 295.040 GC heap before
{Heap before GC invocations=34 (full 0):
 garbage-first heap   total 157696K, used 70656K [0x0000000082800000, 0x0000000100000000)
  region size 1024K, 9 young (9216K), 5 survivors (5120K)
 Metaspace       used 87116K, committed 88384K, reserved 1179648K
  class space    used 12041K, committed 12608K, reserved 1048576K
}
Event: 295.188 GC heap after
{Heap after GC invocations=35 (full 1):
 garbage-first heap   total 122880K, used 35848K [0x0000000082800000, 0x0000000100000000)
  region size 1024K, 0 young (0K), 0 survivors (0K)
 Metaspace       used 86716K, committed 88384K, reserved 1179648K
  class space    used 11940K, committed 12608K, reserved 1048576K
}
Event: 302.168 GC heap before
{Heap before GC invocations=35 (full 1):
 garbage-first heap   total 122880K, used 100360K [0x0000000082800000, 0x0000000100000000)
  region size 1024K, 63 young (64512K), 0 survivors (0K)
 Metaspace       used 87054K, committed 88448K, reserved 1179648K
  class space    used 11993K, committed 12608K, reserved 1048576K
}
Event: 302.184 GC heap after
{Heap after GC invocations=36 (full 1):
 garbage-first heap   total 122880K, used 42963K [0x0000000082800000, 0x0000000100000000)
  region size 1024K, 7 young (7168K), 7 survivors (7168K)
 Metaspace       used 87054K, committed 88448K, reserved 1179648K
  class space    used 11993K, committed 12608K, reserved 1048576K
}
Event: 303.182 GC heap before
{Heap before GC invocations=37 (full 1):
 garbage-first heap   total 122880K, used 102355K [0x0000000082800000, 0x0000000100000000)
  region size 1024K, 65 young (66560K), 7 survivors (7168K)
 Metaspace       used 86644K, committed 88448K, reserved 1179648K
  class space    used 11868K, committed 12608K, reserved 1048576K
}
Event: 303.208 GC heap after
{Heap after GC invocations=38 (full 1):
 garbage-first heap   total 122880K, used 52180K [0x0000000082800000, 0x0000000100000000)
  region size 1024K, 9 young (9216K), 9 survivors (9216K)
 Metaspace       used 86644K, committed 88448K, reserved 1179648K
  class space    used 11868K, committed 12608K, reserved 1048576K
}
Event: 303.520 GC heap before
{Heap before GC invocations=38 (full 1):
 garbage-first heap   total 122880K, used 102356K [0x0000000082800000, 0x0000000100000000)
  region size 1024K, 58 young (59392K), 9 survivors (9216K)
 Metaspace       used 86644K, committed 88448K, reserved 1179648K
  class space    used 11868K, committed 12608K, reserved 1048576K
}
Event: 303.532 GC heap after
{Heap after GC invocations=39 (full 1):
 garbage-first heap   total 122880K, used 52424K [0x0000000082800000, 0x0000000100000000)
  region size 1024K, 7 young (7168K), 7 survivors (7168K)
 Metaspace       used 86644K, committed 88448K, reserved 1179648K
  class space    used 11868K, committed 12608K, reserved 1048576K
}

