# JRE version: OpenJDK Runtime Environment Temurin-21.0.1+12 (21.0.1+12) (build 21.0.1+12-LTS)
# Java VM: OpenJDK 64-Bit Server VM Temurin-21.0.1+12 (21.0.1+12-LTS, mixed mode, emulated-client, sharing, tiered, compressed oops, compressed class ptrs, g1 gc, windows-amd64)
GC Precious Log:
 CardTable entry size: 512
 Card Set container configuration: InlinePtr #cards 5 size 8 Array Of Cards #cards 12 size 40 Howl #buckets 4 coarsen threshold 1843 Howl Bitmap #cards 512 size 80 coarsen threshold 460 Card regions per heap region 1 cards per card region 2048
 CPUs: 4 total, 4 available
 Memory: 8024M
 Large Page Support: Disabled
 NUMA Support: Disabled
 Compressed Oops: Enabled (32-bit)
 Heap Region Size: 1M
 Heap Min Capacity: 8M
 Heap Initial Capacity: 126M
 Heap Max Capacity: 2008M
 Pre-touch: Disabled
 Parallel Workers: 4
 Concurrent Workers: 1
 Concurrent Refinement Workers: 4
 Periodic GC: Disabled
Heap:
 garbage-first heap   total 162816K, used 77836K [0x0000000082800000, 0x0000000100000000)
  region size 1024K, 16 young (16384K), 7 survivors (7168K)
 Metaspace       used 87030K, committed 88256K, reserved 1179648K
  class space    used 12034K, committed 12608K, reserved 1048576K
GC Heap History (20 events):
Event: 20.381 GC heap before
{Heap before GC invocations=23 (full 0):
 garbage-first heap   total 81920K, used 74343K [0x0000000082800000, 0x0000000100000000)
  region size 1024K, 46 young (47104K), 3 survivors (3072K)
 Metaspace       used 68402K, committed 69056K, reserved 1114112K
  class space    used 9373K, committed 9664K, reserved 1048576K
}
Event: 20.394 GC heap after
{Heap after GC invocations=24 (full 0):
 garbage-first heap   total 81920K, used 32023K [0x0000000082800000, 0x0000000100000000)
  region size 1024K, 5 young (5120K), 5 survivors (5120K)
 Metaspace       used 68402K, committed 69056K, reserved 1114112K
  class space    used 9373K, committed 9664K, reserved 1048576K
}
Event: 21.271 GC heap before
{Heap before GC invocations=24 (full 0):
 garbage-first heap   total 81920K, used 71959K [0x0000000082800000, 0x0000000100000000)
  region size 1024K, 44 young (45056K), 5 survivors (5120K)
 Metaspace       used 70958K, committed 71744K, reserved 1114112K
  class space    used 9763K, committed 10112K, reserved 1048576K
}
Event: 21.283 GC heap after
{Heap after GC invocations=25 (full 0):
 garbage-first heap   total 81920K, used 33014K [0x0000000082800000, 0x0000000100000000)
  region size 1024K, 5 young (5120K), 5 survivors (5120K)
 Metaspace       used 70958K, committed 71744K, reserved 1114112K
  class space    used 9763K, committed 10112K, reserved 1048576K
}
Event: 22.246 GC heap before
{Heap before GC invocations=25 (full 0):
 garbage-first heap   total 81920K, used 69878K [0x0000000082800000, 0x0000000100000000)
  region size 1024K, 42 young (43008K), 5 survivors (5120K)
 Metaspace       used 73243K, committed 74048K, reserved 1114112K
  class space    used 10063K, committed 10432K, reserved 1048576K
}
Event: 22.264 GC heap after
{Heap after GC invocations=26 (full 0):
 garbage-first heap   total 81920K, used 36193K [0x0000000082800000, 0x0000000100000000)
  region size 1024K, 6 young (6144K), 6 survivors (6144K)
 Metaspace       used 73243K, committed 74048K, reserved 1114112K
  class space    used 10063K, committed 10432K, reserved 1048576K
}
Event: 22.590 GC heap before
{Heap before GC invocations=27 (full 0):
 garbage-first heap   total 91136K, used 69985K [0x0000000082800000, 0x0000000100000000)
  region size 1024K, 39 young (39936K), 6 survivors (6144K)
 Metaspace       used 73246K, committed 74048K, reserved 1114112K
  class space    used 10066K, committed 10432K, reserved 1048576K
}
Event: 22.612 GC heap after
{Heap after GC invocations=28 (full 0):
 garbage-first heap   total 91136K, used 44118K [0x0000000082800000, 0x0000000100000000)
  region size 1024K, 5 young (5120K), 5 survivors (5120K)
 Metaspace       used 73246K, committed 74048K, reserved 1114112K
  class space    used 10066K, committed 10432K, reserved 1048576K
}
Event: 23.011 GC heap before
{Heap before GC invocations=28 (full 0):
 garbage-first heap   total 91136K, used 77910K [0x0000000082800000, 0x0000000100000000)
  region size 1024K, 38 young (38912K), 5 survivors (5120K)
 Metaspace       used 73276K, committed 74048K, reserved 1114112K
  class space    used 10078K, committed 10432K, reserved 1048576K
}
Event: 23.034 GC heap after
{Heap after GC invocations=29 (full 0):
 garbage-first heap   total 162816K, used 51878K [0x0000000082800000, 0x0000000100000000)
  region size 1024K, 5 young (5120K), 5 survivors (5120K)
 Metaspace       used 73276K, committed 74048K, reserved 1114112K
  class space    used 10078K, committed 10432K, reserved 1048576K
}
Event: 24.730 GC heap before
{Heap before GC invocations=29 (full 0):
 garbage-first heap   total 162816K, used 134822K [0x0000000082800000, 0x0000000100000000)
  region size 1024K, 87 young (89088K), 5 survivors (5120K)
 Metaspace       used 76439K, committed 77248K, reserved 1179648K
  class space    used 10596K, committed 10944K, reserved 1048576K
}
Event: 24.764 GC heap after
{Heap after GC invocations=30 (full 0):
 garbage-first heap   total 162816K, used 63706K [0x0000000082800000, 0x0000000100000000)
  region size 1024K, 11 young (11264K), 11 survivors (11264K)
 Metaspace       used 76439K, committed 77248K, reserved 1179648K
  class space    used 10596K, committed 10944K, reserved 1048576K
}
Event: 48.269 GC heap before
{Heap before GC invocations=30 (full 0):
 garbage-first heap   total 162816K, used 135386K [0x0000000082800000, 0x0000000100000000)
  region size 1024K, 82 young (83968K), 11 survivors (11264K)
 Metaspace       used 82966K, committed 84032K, reserved 1179648K
  class space    used 11522K, committed 12032K, reserved 1048576K
}
Event: 48.301 GC heap after
{Heap after GC invocations=31 (full 0):
 garbage-first heap   total 162816K, used 69385K [0x0000000082800000, 0x0000000100000000)
  region size 1024K, 5 young (5120K), 5 survivors (5120K)
 Metaspace       used 82966K, committed 84032K, reserved 1179648K
  class space    used 11522K, committed 12032K, reserved 1048576K
}
Event: 48.524 GC heap before
{Heap before GC invocations=31 (full 0):
 garbage-first heap   total 162816K, used 81673K [0x0000000082800000, 0x0000000100000000)
  region size 1024K, 13 young (13312K), 5 survivors (5120K)
 Metaspace       used 83436K, committed 84544K, reserved 1179648K
  class space    used 11593K, committed 12096K, reserved 1048576K
}
Event: 48.537 GC heap after
{Heap after GC invocations=32 (full 0):
 garbage-first heap   total 162816K, used 75438K [0x0000000082800000, 0x0000000100000000)
  region size 1024K, 6 young (6144K), 6 survivors (6144K)
 Metaspace       used 83436K, committed 84544K, reserved 1179648K
  class space    used 11593K, committed 12096K, reserved 1048576K
}
Event: 48.537 GC heap before
{Heap before GC invocations=32 (full 0):
 garbage-first heap   total 162816K, used 77486K [0x0000000082800000, 0x0000000100000000)
  region size 1024K, 7 young (7168K), 6 survivors (6144K)
 Metaspace       used 83436K, committed 84544K, reserved 1179648K
  class space    used 11593K, committed 12096K, reserved 1048576K
}
Event: 48.549 GC heap after
{Heap after GC invocations=33 (full 0):
 garbage-first heap   total 162816K, used 77155K [0x0000000082800000, 0x0000000100000000)
  region size 1024K, 3 young (3072K), 3 survivors (3072K)
 Metaspace       used 83436K, committed 84544K, reserved 1179648K
  class space    used 11593K, committed 12096K, reserved 1048576K
}
Event: 90.721 GC heap before
{Heap before GC invocations=34 (full 0):
 garbage-first heap   total 162816K, used 140643K [0x0000000082800000, 0x0000000100000000)
  region size 1024K, 70 young (71680K), 3 survivors (3072K)
 Metaspace       used 87015K, committed 88256K, reserved 1179648K
  class space    used 12033K, committed 12608K, reserved 1048576K
}
Event: 90.737 GC heap after
{Heap after GC invocations=35 (full 0):
 garbage-first heap   total 162816K, used 69644K [0x0000000082800000, 0x0000000100000000)
  region size 1024K, 7 young (7168K), 7 survivors (7168K)
 Metaspace       used 87015K, committed 88256K, reserved 1179648K
  class space    used 12033K, committed 12608K, reserved 1048576K
}

