# JRE version: OpenJDK Runtime Environment Temurin-21.0.1+12 (21.0.1+12) (build 21.0.1+12-LTS)
# Java VM: OpenJDK 64-Bit Server VM Temurin-21.0.1+12 (21.0.1+12-LTS, mixed mode, emulated-client, sharing, tiered, compressed oops, compressed class ptrs, g1 gc, windows-amd64)
GC Precious Log:
 CardTable entry size: 512
 Card Set container configuration: InlinePtr #cards 5 size 8 Array Of Cards #cards 12 size 40 Howl #buckets 4 coarsen threshold 1843 Howl Bitmap #cards 512 size 80 coarsen threshold 460 Card regions per heap region 1 cards per card region 2048
 CPUs: 4 total, 4 available
 Memory: 8024M
 Large Page Support: Disabled
 NUMA Support: Disabled
 Compressed Oops: Enabled (32-bit)
 Heap Region Size: 1M
 Heap Min Capacity: 8M
 Heap Initial Capacity: 126M
 Heap Max Capacity: 2008M
 Pre-touch: Disabled
 Parallel Workers: 4
 Concurrent Workers: 1
 Concurrent Refinement Workers: 4
 Periodic GC: Disabled
Heap:
 garbage-first heap   total 159744K, used 61008K [0x0000000082800000, 0x0000000100000000)
  region size 1024K, 12 young (12288K), 7 survivors (7168K)
 Metaspace       used 86786K, committed 88000K, reserved 1179648K
  class space    used 11998K, committed 12544K, reserved 1048576K
GC Heap History (20 events):
Event: 35.688 GC heap after
{Heap after GC invocations=29 (full 0):
 garbage-first heap   total 92160K, used 48760K [0x0000000082800000, 0x0000000100000000)
  region size 1024K, 4 young (4096K), 4 survivors (4096K)
 Metaspace       used 72994K, committed 73792K, reserved 1114112K
  class space    used 10069K, committed 10432K, reserved 1048576K
}
Event: 36.824 GC heap before
{Heap before GC invocations=30 (full 0):
 garbage-first heap   total 92160K, used 76408K [0x0000000082800000, 0x0000000100000000)
  region size 1024K, 32 young (32768K), 4 survivors (4096K)
 Metaspace       used 72950K, committed 73792K, reserved 1114112K
  class space    used 10057K, committed 10432K, reserved 1048576K
}
Event: 36.846 GC heap after
{Heap after GC invocations=31 (full 0):
 garbage-first heap   total 92160K, used 55085K [0x0000000082800000, 0x0000000100000000)
  region size 1024K, 4 young (4096K), 4 survivors (4096K)
 Metaspace       used 72950K, committed 73792K, reserved 1114112K
  class space    used 10057K, committed 10432K, reserved 1048576K
}
Event: 37.027 GC heap before
{Heap before GC invocations=31 (full 0):
 garbage-first heap   total 92160K, used 77613K [0x0000000082800000, 0x0000000100000000)
  region size 1024K, 27 young (27648K), 4 survivors (4096K)
 Metaspace       used 72950K, committed 73792K, reserved 1114112K
  class space    used 10057K, committed 10432K, reserved 1048576K
}
Event: 37.056 GC heap after
{Heap after GC invocations=32 (full 0):
 garbage-first heap   total 92160K, used 60975K [0x0000000082800000, 0x0000000100000000)
  region size 1024K, 4 young (4096K), 4 survivors (4096K)
 Metaspace       used 72950K, committed 73792K, reserved 1114112K
  class space    used 10057K, committed 10432K, reserved 1048576K
}
Event: 37.654 GC heap before
{Heap before GC invocations=32 (full 0):
 garbage-first heap   total 92160K, used 78383K [0x0000000082800000, 0x0000000100000000)
  region size 1024K, 21 young (21504K), 4 survivors (4096K)
 Metaspace       used 73609K, committed 74368K, reserved 1114112K
  class space    used 10150K, committed 10496K, reserved 1048576K
}
Event: 37.670 GC heap after
{Heap after GC invocations=33 (full 0):
 garbage-first heap   total 92160K, used 62234K [0x0000000082800000, 0x0000000100000000)
  region size 1024K, 1 young (1024K), 1 survivors (1024K)
 Metaspace       used 73609K, committed 74368K, reserved 1114112K
  class space    used 10150K, committed 10496K, reserved 1048576K
}
Event: 38.962 GC heap before
{Heap before GC invocations=34 (full 0):
 garbage-first heap   total 106496K, used 77594K [0x0000000082800000, 0x0000000100000000)
  region size 1024K, 19 young (19456K), 1 survivors (1024K)
 Metaspace       used 74894K, committed 75712K, reserved 1114112K
  class space    used 10371K, committed 10752K, reserved 1048576K
}
Event: 38.972 GC heap after
{Heap after GC invocations=35 (full 0):
 garbage-first heap   total 106496K, used 60425K [0x0000000082800000, 0x0000000100000000)
  region size 1024K, 3 young (3072K), 3 survivors (3072K)
 Metaspace       used 74894K, committed 75712K, reserved 1114112K
  class space    used 10371K, committed 10752K, reserved 1048576K
}
Event: 79.282 GC heap before
{Heap before GC invocations=35 (full 0):
 garbage-first heap   total 106496K, used 92169K [0x0000000082800000, 0x0000000100000000)
  region size 1024K, 34 young (34816K), 3 survivors (3072K)
 Metaspace       used 77609K, committed 78464K, reserved 1179648K
  class space    used 10745K, committed 11136K, reserved 1048576K
}
Event: 79.297 GC heap after
{Heap after GC invocations=36 (full 0):
 garbage-first heap   total 106496K, used 50718K [0x0000000082800000, 0x0000000100000000)
  region size 1024K, 4 young (4096K), 4 survivors (4096K)
 Metaspace       used 77609K, committed 78464K, reserved 1179648K
  class space    used 10745K, committed 11136K, reserved 1048576K
}
Event: 81.302 GC heap before
{Heap before GC invocations=36 (full 0):
 garbage-first heap   total 106496K, used 90654K [0x0000000082800000, 0x0000000100000000)
  region size 1024K, 44 young (45056K), 4 survivors (4096K)
 Metaspace       used 80727K, committed 81728K, reserved 1179648K
  class space    used 11200K, committed 11648K, reserved 1048576K
}
Event: 81.328 GC heap after
{Heap after GC invocations=37 (full 0):
 garbage-first heap   total 106496K, used 51000K [0x0000000082800000, 0x0000000100000000)
  region size 1024K, 6 young (6144K), 6 survivors (6144K)
 Metaspace       used 80727K, committed 81728K, reserved 1179648K
  class space    used 11200K, committed 11648K, reserved 1048576K
}
Event: 81.386 GC heap before
{Heap before GC invocations=37 (full 0):
 garbage-first heap   total 106496K, used 52024K [0x0000000082800000, 0x0000000100000000)
  region size 1024K, 9 young (9216K), 6 survivors (6144K)
 Metaspace       used 80896K, committed 81920K, reserved 1179648K
  class space    used 11229K, committed 11712K, reserved 1048576K
}
Event: 81.405 GC heap after
{Heap after GC invocations=38 (full 0):
 garbage-first heap   total 159744K, used 53433K [0x0000000082800000, 0x0000000100000000)
  region size 1024K, 2 young (2048K), 2 survivors (2048K)
 Metaspace       used 80896K, committed 81920K, reserved 1179648K
  class space    used 11229K, committed 11712K, reserved 1048576K
}
Event: 81.410 GC heap before
{Heap before GC invocations=38 (full 0):
 garbage-first heap   total 159744K, used 54457K [0x0000000082800000, 0x0000000100000000)
  region size 1024K, 3 young (3072K), 2 survivors (2048K)
 Metaspace       used 80896K, committed 81920K, reserved 1179648K
  class space    used 11229K, committed 11712K, reserved 1048576K
}
Event: 81.413 GC heap after
{Heap after GC invocations=39 (full 0):
 garbage-first heap   total 159744K, used 52671K [0x0000000082800000, 0x0000000100000000)
  region size 1024K, 1 young (1024K), 1 survivors (1024K)
 Metaspace       used 80896K, committed 81920K, reserved 1179648K
  class space    used 11229K, committed 11712K, reserved 1048576K
}
Event: 165.828 GC heap before
{Heap before GC invocations=40 (full 0):
 garbage-first heap   total 159744K, used 148927K [0x0000000082800000, 0x0000000100000000)
  region size 1024K, 89 young (91136K), 1 survivors (1024K)
 Metaspace       used 86672K, committed 87872K, reserved 1179648K
  class space    used 11975K, committed 12544K, reserved 1048576K
}
Event: 165.849 GC heap after
{Heap after GC invocations=41 (full 0):
 garbage-first heap   total 159744K, used 55937K [0x0000000082800000, 0x0000000100000000)
  region size 1024K, 7 young (7168K), 7 survivors (7168K)
 Metaspace       used 86672K, committed 87872K, reserved 1179648K
  class space    used 11975K, committed 12544K, reserved 1048576K
}
Event: 207.765 GC heap before
{Heap before GC invocations=41 (full 0):
 garbage-first heap   total 159744K, used 60033K [0x0000000082800000, 0x0000000100000000)
  region size 1024K, 12 young (12288K), 7 survivors (7168K)
 Metaspace       used 86786K, committed 88000K, reserved 1179648K
  class space    used 11998K, committed 12544K, reserved 1048576K
}

